2023-09-04 09:53:26,036 - INFO - Script started.
2023-09-04 09:53:27,500 - INFO - Data updating completed.
2023-09-04 09:53:27,500 - INFO - Analysis reports saved for all stocks in the directory: analysis_reports
2023-09-04 09:53:28,502 - INFO - Data updating completed.
2023-09-04 09:53:28,502 - INFO - Analysis reports saved for all stocks in the directory: analysis_reports
2023-09-04 09:53:29,503 - INFO - Data updating completed.
2023-09-04 09:53:29,505 - INFO - Analysis reports saved for all stocks in the directory: analysis_reports
2023-09-04 09:53:30,505 - INFO - Data updating completed.
2023-09-04 09:53:30,506 - INFO - Analysis reports saved for all stocks in the directory: analysis_reports
2023-09-04 09:53:31,507 - INFO - Data updating completed.
2023-09-04 09:53:31,510 - INFO - Analysis reports saved for all stocks in the directory: analysis_reports
2023-09-04 09:53:32,512 - INFO - Data updating completed.
2023-09-04 09:53:32,512 - INFO - Analysis reports saved for all stocks in the directory: analysis_reports
2023-09-04 09:53:33,514 - INFO - Data updating completed.
2023-09-04 09:53:33,515 - INFO - Analysis reports saved for all stocks in the directory: analysis_reports
2023-09-04 09:53:34,517 - INFO - Data updating completed.
2023-09-04 09:53:34,517 - INFO - Analysis reports saved for all stocks in the directory: analysis_reports
2023-09-04 09:53:35,520 - INFO - Data updating completed.
2023-09-04 09:53:35,520 - INFO - Analysis reports saved for all stocks in the directory: analysis_reports
2023-09-04 09:53:36,403 - CRITICAL - Script interrupted by user.
2023-09-04 09:53:36,404 - INFO - Script ended.
2023-09-04 09:57:09,883 - INFO - Script started.
2023-09-04 09:57:10,992 - INFO - Data updating completed.
2023-09-04 09:57:10,993 - INFO - Analysis reports saved for all stocks in the directory: analysis_reports
2023-09-04 09:57:11,995 - INFO - Data updating completed.
2023-09-04 09:57:11,996 - INFO - Analysis reports saved for all stocks in the directory: analysis_reports
2023-09-04 09:57:12,998 - INFO - Data updating completed.
2023-09-04 09:57:12,998 - INFO - Analysis reports saved for all stocks in the directory: analysis_reports
2023-09-04 09:57:14,002 - INFO - Data updating completed.
2023-09-04 09:57:14,002 - INFO - Analysis reports saved for all stocks in the directory: analysis_reports
2023-09-04 09:57:15,006 - INFO - Data updating completed.
2023-09-04 09:57:15,006 - INFO - Analysis reports saved for all stocks in the directory: analysis_reports
2023-09-04 09:57:16,008 - INFO - Data updating completed.
2023-09-04 09:57:16,008 - INFO - Analysis reports saved for all stocks in the directory: analysis_reports
2023-09-04 09:57:17,011 - INFO - Data updating completed.
2023-09-04 09:57:17,013 - INFO - Analysis reports saved for all stocks in the directory: analysis_reports
2023-09-04 09:57:17,190 - CRITICAL - Script interrupted by user.
2023-09-04 09:57:17,191 - INFO - Script ended.
2023-09-04 09:57:29,370 - INFO - Script started.
2023-09-04 09:57:30,509 - INFO - CSV file 'bse_stocks.csv' does not exist. Creating a new one.
2023-09-04 09:57:30,511 - INFO - Data updating completed.
2023-09-04 09:57:30,512 - INFO - Analysis reports saved for all stocks in the directory: analysis_reports
2023-09-04 09:57:31,514 - INFO - Data updating completed.
2023-09-04 09:57:31,514 - INFO - Analysis reports saved for all stocks in the directory: analysis_reports
2023-09-04 09:57:32,515 - INFO - Data updating completed.
2023-09-04 09:57:32,515 - INFO - Analysis reports saved for all stocks in the directory: analysis_reports
2023-09-04 09:57:33,517 - INFO - Data updating completed.
2023-09-04 09:57:33,518 - INFO - Analysis reports saved for all stocks in the directory: analysis_reports
2023-09-04 09:57:34,519 - INFO - Data updating completed.
2023-09-04 09:57:34,519 - INFO - Analysis reports saved for all stocks in the directory: analysis_reports
2023-09-04 09:57:35,522 - INFO - Data updating completed.
2023-09-04 09:57:35,523 - INFO - Analysis reports saved for all stocks in the directory: analysis_reports
2023-09-04 09:57:36,524 - INFO - Data updating completed.
2023-09-04 09:57:36,524 - INFO - Analysis reports saved for all stocks in the directory: analysis_reports
2023-09-04 09:57:37,526 - INFO - Data updating completed.
2023-09-04 09:57:37,527 - INFO - Analysis reports saved for all stocks in the directory: analysis_reports
2023-09-04 09:57:38,529 - INFO - Data updating completed.
2023-09-04 09:57:38,530 - INFO - Analysis reports saved for all stocks in the directory: analysis_reports
2023-09-04 09:57:39,532 - INFO - Data updating completed.
2023-09-04 09:57:39,533 - INFO - Analysis reports saved for all stocks in the directory: analysis_reports
2023-09-04 09:57:40,535 - INFO - Data updating completed.
2023-09-04 09:57:40,535 - INFO - Analysis reports saved for all stocks in the directory: analysis_reports
2023-09-04 09:57:41,538 - INFO - Data updating completed.
2023-09-04 09:57:41,539 - INFO - Analysis reports saved for all stocks in the directory: analysis_reports
2023-09-04 09:57:42,541 - INFO - Data updating completed.
2023-09-04 09:57:42,541 - INFO - Analysis reports saved for all stocks in the directory: analysis_reports
2023-09-04 09:57:43,543 - INFO - Data updating completed.
2023-09-04 09:57:43,544 - INFO - Analysis reports saved for all stocks in the directory: analysis_reports
2023-09-04 09:57:44,547 - INFO - Data updating completed.
2023-09-04 09:57:44,547 - INFO - Analysis reports saved for all stocks in the directory: analysis_reports
2023-09-04 09:57:45,549 - INFO - Data updating completed.
2023-09-04 09:57:45,550 - INFO - Analysis reports saved for all stocks in the directory: analysis_reports
2023-09-04 09:57:46,606 - INFO - Data updating completed.
2023-09-04 09:57:46,608 - INFO - Analysis reports saved for all stocks in the directory: analysis_reports
2023-09-04 09:57:47,611 - INFO - Data updating completed.
2023-09-04 09:57:47,612 - INFO - Analysis reports saved for all stocks in the directory: analysis_reports
2023-09-04 09:57:48,618 - INFO - Data updating completed.
2023-09-04 09:57:48,618 - INFO - Analysis reports saved for all stocks in the directory: analysis_reports
2023-09-04 09:57:49,620 - INFO - Data updating completed.
2023-09-04 09:57:49,620 - INFO - Analysis reports saved for all stocks in the directory: analysis_reports
2023-09-04 09:57:50,626 - INFO - Data updating completed.
2023-09-04 09:57:50,626 - INFO - Analysis reports saved for all stocks in the directory: analysis_reports
2023-09-04 09:57:51,629 - INFO - Data updating completed.
2023-09-04 09:57:51,630 - INFO - Analysis reports saved for all stocks in the directory: analysis_reports
2023-09-04 09:57:52,638 - INFO - Data updating completed.
2023-09-04 09:57:52,639 - INFO - Analysis reports saved for all stocks in the directory: analysis_reports
2023-09-04 09:57:53,642 - INFO - Data updating completed.
2023-09-04 09:57:53,643 - INFO - Analysis reports saved for all stocks in the directory: analysis_reports
2023-09-04 09:57:54,644 - INFO - Data updating completed.
2023-09-04 09:57:54,644 - INFO - Analysis reports saved for all stocks in the directory: analysis_reports
2023-09-04 09:57:55,648 - INFO - Data updating completed.
2023-09-04 09:57:55,648 - INFO - Analysis reports saved for all stocks in the directory: analysis_reports
2023-09-04 09:57:56,650 - INFO - Data updating completed.
2023-09-04 09:57:56,650 - INFO - Analysis reports saved for all stocks in the directory: analysis_reports
2023-09-04 09:57:57,652 - INFO - Data updating completed.
2023-09-04 09:57:57,653 - INFO - Analysis reports saved for all stocks in the directory: analysis_reports
2023-09-04 09:57:58,656 - INFO - Data updating completed.
2023-09-04 09:57:58,657 - INFO - Analysis reports saved for all stocks in the directory: analysis_reports
2023-09-04 09:57:59,659 - INFO - Data updating completed.
2023-09-04 09:57:59,659 - INFO - Analysis reports saved for all stocks in the directory: analysis_reports
2023-09-04 09:58:00,665 - INFO - Data updating completed.
2023-09-04 09:58:00,665 - INFO - Analysis reports saved for all stocks in the directory: analysis_reports
2023-09-04 09:58:01,668 - INFO - Data updating completed.
2023-09-04 09:58:01,669 - INFO - Analysis reports saved for all stocks in the directory: analysis_reports
2023-09-04 09:58:02,671 - INFO - Data updating completed.
2023-09-04 09:58:02,671 - INFO - Analysis reports saved for all stocks in the directory: analysis_reports
2023-09-04 09:58:03,674 - INFO - Data updating completed.
2023-09-04 09:58:03,674 - INFO - Analysis reports saved for all stocks in the directory: analysis_reports
2023-09-04 09:58:04,677 - INFO - Data updating completed.
2023-09-04 09:58:04,677 - INFO - Analysis reports saved for all stocks in the directory: analysis_reports
2023-09-04 09:58:05,680 - INFO - Data updating completed.
2023-09-04 09:58:05,681 - INFO - Analysis reports saved for all stocks in the directory: analysis_reports
2023-09-04 09:58:06,684 - INFO - Data updating completed.
2023-09-04 09:58:06,684 - INFO - Analysis reports saved for all stocks in the directory: analysis_reports
2023-09-04 09:58:07,687 - INFO - Data updating completed.
2023-09-04 09:58:07,689 - INFO - Analysis reports saved for all stocks in the directory: analysis_reports
2023-09-04 09:58:08,691 - INFO - Data updating completed.
2023-09-04 09:58:08,692 - INFO - Analysis reports saved for all stocks in the directory: analysis_reports
2023-09-04 09:58:09,693 - INFO - Data updating completed.
2023-09-04 09:58:09,694 - INFO - Analysis reports saved for all stocks in the directory: analysis_reports
2023-09-04 09:58:10,695 - INFO - Data updating completed.
2023-09-04 09:58:10,696 - INFO - Analysis reports saved for all stocks in the directory: analysis_reports
2023-09-04 09:58:11,700 - INFO - Data updating completed.
2023-09-04 09:58:11,701 - INFO - Analysis reports saved for all stocks in the directory: analysis_reports
2023-09-04 09:58:12,702 - INFO - Data updating completed.
2023-09-04 09:58:12,703 - INFO - Analysis reports saved for all stocks in the directory: analysis_reports
2023-09-04 09:58:13,706 - INFO - Data updating completed.
2023-09-04 09:58:13,706 - INFO - Analysis reports saved for all stocks in the directory: analysis_reports
2023-09-04 09:58:14,709 - INFO - Data updating completed.
2023-09-04 09:58:14,710 - INFO - Analysis reports saved for all stocks in the directory: analysis_reports
2023-09-04 09:58:15,713 - INFO - Data updating completed.
2023-09-04 09:58:15,713 - INFO - Analysis reports saved for all stocks in the directory: analysis_reports
2023-09-04 09:58:16,717 - INFO - Data updating completed.
2023-09-04 09:58:16,717 - INFO - Analysis reports saved for all stocks in the directory: analysis_reports
2023-09-04 09:58:17,719 - INFO - Data updating completed.
2023-09-04 09:58:17,720 - INFO - Analysis reports saved for all stocks in the directory: analysis_reports
2023-09-04 09:58:18,723 - INFO - Data updating completed.
2023-09-04 09:58:18,724 - INFO - Analysis reports saved for all stocks in the directory: analysis_reports
2023-09-04 09:58:19,726 - INFO - Data updating completed.
2023-09-04 09:58:19,727 - INFO - Analysis reports saved for all stocks in the directory: analysis_reports
2023-09-04 09:58:20,729 - INFO - Data updating completed.
2023-09-04 09:58:20,729 - INFO - Analysis reports saved for all stocks in the directory: analysis_reports
2023-09-04 09:58:21,731 - INFO - Data updating completed.
2023-09-04 09:58:21,732 - INFO - Analysis reports saved for all stocks in the directory: analysis_reports
2023-09-04 09:58:22,734 - INFO - Data updating completed.
2023-09-04 09:58:22,734 - INFO - Analysis reports saved for all stocks in the directory: analysis_reports
2023-09-04 09:58:23,736 - INFO - Data updating completed.
2023-09-04 09:58:23,737 - INFO - Analysis reports saved for all stocks in the directory: analysis_reports
2023-09-04 09:58:24,740 - INFO - Data updating completed.
2023-09-04 09:58:24,741 - INFO - Analysis reports saved for all stocks in the directory: analysis_reports
2023-09-04 09:58:25,743 - INFO - Data updating completed.
2023-09-04 09:58:25,743 - INFO - Analysis reports saved for all stocks in the directory: analysis_reports
2023-09-04 09:58:26,745 - INFO - Data updating completed.
2023-09-04 09:58:26,746 - INFO - Analysis reports saved for all stocks in the directory: analysis_reports
2023-09-04 09:58:27,747 - INFO - Data updating completed.
2023-09-04 09:58:27,748 - INFO - Analysis reports saved for all stocks in the directory: analysis_reports
2023-09-04 09:58:28,750 - INFO - Data updating completed.
2023-09-04 09:58:28,751 - INFO - Analysis reports saved for all stocks in the directory: analysis_reports
2023-09-04 09:58:29,754 - INFO - Data updating completed.
2023-09-04 09:58:29,755 - INFO - Analysis reports saved for all stocks in the directory: analysis_reports
2023-09-04 09:58:30,758 - INFO - Data updating completed.
2023-09-04 09:58:30,759 - INFO - Analysis reports saved for all stocks in the directory: analysis_reports
2023-09-04 09:58:31,760 - INFO - Data updating completed.
2023-09-04 09:58:31,761 - INFO - Analysis reports saved for all stocks in the directory: analysis_reports
2023-09-04 09:58:32,764 - INFO - Data updating completed.
2023-09-04 09:58:32,765 - INFO - Analysis reports saved for all stocks in the directory: analysis_reports
2023-09-04 09:58:33,767 - INFO - Data updating completed.
2023-09-04 09:58:33,768 - INFO - Analysis reports saved for all stocks in the directory: analysis_reports
2023-09-04 09:58:34,771 - INFO - Data updating completed.
2023-09-04 09:58:34,772 - INFO - Analysis reports saved for all stocks in the directory: analysis_reports
2023-09-04 09:58:35,774 - INFO - Data updating completed.
2023-09-04 09:58:35,775 - INFO - Analysis reports saved for all stocks in the directory: analysis_reports
2023-09-04 09:58:36,777 - INFO - Data updating completed.
2023-09-04 09:58:36,778 - INFO - Analysis reports saved for all stocks in the directory: analysis_reports
2023-09-04 09:58:37,781 - INFO - Data updating completed.
2023-09-04 09:58:37,782 - INFO - Analysis reports saved for all stocks in the directory: analysis_reports
2023-09-04 09:58:38,784 - INFO - Data updating completed.
2023-09-04 09:58:38,785 - INFO - Analysis reports saved for all stocks in the directory: analysis_reports
2023-09-04 09:58:39,789 - INFO - Data updating completed.
2023-09-04 09:58:39,790 - INFO - Analysis reports saved for all stocks in the directory: analysis_reports
2023-09-04 09:58:40,792 - INFO - Data updating completed.
2023-09-04 09:58:40,793 - INFO - Analysis reports saved for all stocks in the directory: analysis_reports
2023-09-04 09:58:41,795 - INFO - Data updating completed.
2023-09-04 09:58:41,795 - INFO - Analysis reports saved for all stocks in the directory: analysis_reports
2023-09-04 09:58:42,797 - INFO - Data updating completed.
2023-09-04 09:58:42,798 - INFO - Analysis reports saved for all stocks in the directory: analysis_reports
2023-09-04 09:58:43,836 - INFO - Data updating completed.
2023-09-04 09:58:43,836 - INFO - Analysis reports saved for all stocks in the directory: analysis_reports
2023-09-04 09:58:44,839 - INFO - Data updating completed.
2023-09-04 09:58:44,839 - INFO - Analysis reports saved for all stocks in the directory: analysis_reports
2023-09-04 09:58:45,841 - INFO - Data updating completed.
2023-09-04 09:58:45,842 - INFO - Analysis reports saved for all stocks in the directory: analysis_reports
2023-09-04 09:58:46,845 - INFO - Data updating completed.
2023-09-04 09:58:46,846 - INFO - Analysis reports saved for all stocks in the directory: analysis_reports
2023-09-04 09:58:47,848 - INFO - Data updating completed.
2023-09-04 09:58:47,849 - INFO - Analysis reports saved for all stocks in the directory: analysis_reports
2023-09-04 09:58:48,851 - INFO - Data updating completed.
2023-09-04 09:58:48,852 - INFO - Analysis reports saved for all stocks in the directory: analysis_reports
2023-09-04 09:58:49,854 - INFO - Data updating completed.
2023-09-04 09:58:49,855 - INFO - Analysis reports saved for all stocks in the directory: analysis_reports
2023-09-04 09:58:50,858 - INFO - Data updating completed.
2023-09-04 09:58:50,859 - INFO - Analysis reports saved for all stocks in the directory: analysis_reports
2023-09-04 09:58:51,862 - INFO - Data updating completed.
2023-09-04 09:58:51,863 - INFO - Analysis reports saved for all stocks in the directory: analysis_reports
2023-09-04 09:58:52,866 - INFO - Data updating completed.
2023-09-04 09:58:52,866 - INFO - Analysis reports saved for all stocks in the directory: analysis_reports
2023-09-04 09:58:53,869 - INFO - Data updating completed.
2023-09-04 09:58:53,870 - INFO - Analysis reports saved for all stocks in the directory: analysis_reports
2023-09-04 09:58:54,872 - INFO - Data updating completed.
2023-09-04 09:58:54,873 - INFO - Analysis reports saved for all stocks in the directory: analysis_reports
2023-09-04 09:58:55,876 - INFO - Data updating completed.
2023-09-04 09:58:55,876 - INFO - Analysis reports saved for all stocks in the directory: analysis_reports
2023-09-04 09:58:56,879 - INFO - Data updating completed.
2023-09-04 09:58:56,880 - INFO - Analysis reports saved for all stocks in the directory: analysis_reports
2023-09-04 09:58:57,883 - INFO - Data updating completed.
2023-09-04 09:58:57,883 - INFO - Analysis reports saved for all stocks in the directory: analysis_reports
2023-09-04 09:58:58,885 - INFO - Data updating completed.
2023-09-04 09:58:58,887 - INFO - Analysis reports saved for all stocks in the directory: analysis_reports
2023-09-04 09:58:59,890 - INFO - Data updating completed.
2023-09-04 09:58:59,891 - INFO - Analysis reports saved for all stocks in the directory: analysis_reports
2023-09-04 09:59:00,893 - INFO - Data updating completed.
2023-09-04 09:59:00,893 - INFO - Analysis reports saved for all stocks in the directory: analysis_reports
2023-09-04 09:59:01,897 - INFO - Data updating completed.
2023-09-04 09:59:01,898 - INFO - Analysis reports saved for all stocks in the directory: analysis_reports
2023-09-04 09:59:02,901 - INFO - Data updating completed.
2023-09-04 09:59:02,901 - INFO - Analysis reports saved for all stocks in the directory: analysis_reports
2023-09-04 09:59:03,904 - INFO - Data updating completed.
2023-09-04 09:59:03,905 - INFO - Analysis reports saved for all stocks in the directory: analysis_reports
2023-09-04 09:59:04,907 - INFO - Data updating completed.
2023-09-04 09:59:04,907 - INFO - Analysis reports saved for all stocks in the directory: analysis_reports
2023-09-04 09:59:05,910 - INFO - Data updating completed.
2023-09-04 09:59:05,911 - INFO - Analysis reports saved for all stocks in the directory: analysis_reports
2023-09-04 09:59:06,913 - INFO - Data updating completed.
2023-09-04 09:59:06,913 - INFO - Analysis reports saved for all stocks in the directory: analysis_reports
2023-09-04 09:59:07,915 - INFO - Data updating completed.
2023-09-04 09:59:07,916 - INFO - Analysis reports saved for all stocks in the directory: analysis_reports
2023-09-04 09:59:08,920 - INFO - Data updating completed.
2023-09-04 09:59:08,921 - INFO - Analysis reports saved for all stocks in the directory: analysis_reports
2023-09-04 09:59:09,924 - INFO - Data updating completed.
2023-09-04 09:59:09,925 - INFO - Analysis reports saved for all stocks in the directory: analysis_reports
2023-09-04 09:59:10,927 - INFO - Data updating completed.
2023-09-04 09:59:10,927 - INFO - Analysis reports saved for all stocks in the directory: analysis_reports
2023-09-04 09:59:11,930 - INFO - Data updating completed.
2023-09-04 09:59:11,931 - INFO - Analysis reports saved for all stocks in the directory: analysis_reports
2023-09-04 09:59:12,933 - INFO - Data updating completed.
2023-09-04 09:59:12,935 - INFO - Analysis reports saved for all stocks in the directory: analysis_reports
2023-09-04 09:59:13,936 - INFO - Data updating completed.
2023-09-04 09:59:13,937 - INFO - Analysis reports saved for all stocks in the directory: analysis_reports
2023-09-04 09:59:14,941 - INFO - Data updating completed.
2023-09-04 09:59:14,942 - INFO - Analysis reports saved for all stocks in the directory: analysis_reports
2023-09-04 09:59:15,944 - INFO - Data updating completed.
2023-09-04 09:59:15,945 - INFO - Analysis reports saved for all stocks in the directory: analysis_reports
2023-09-04 09:59:16,946 - INFO - Data updating completed.
2023-09-04 09:59:16,948 - INFO - Analysis reports saved for all stocks in the directory: analysis_reports
2023-09-04 09:59:17,950 - INFO - Data updating completed.
2023-09-04 09:59:17,950 - INFO - Analysis reports saved for all stocks in the directory: analysis_reports
2023-09-04 09:59:18,954 - INFO - Data updating completed.
2023-09-04 09:59:18,954 - INFO - Analysis reports saved for all stocks in the directory: analysis_reports
2023-09-04 09:59:19,957 - INFO - Data updating completed.
2023-09-04 09:59:19,957 - INFO - Analysis reports saved for all stocks in the directory: analysis_reports
2023-09-04 09:59:20,960 - INFO - Data updating completed.
2023-09-04 09:59:20,960 - INFO - Analysis reports saved for all stocks in the directory: analysis_reports
2023-09-04 09:59:21,962 - INFO - Data updating completed.
2023-09-04 09:59:21,963 - INFO - Analysis reports saved for all stocks in the directory: analysis_reports
2023-09-04 09:59:22,966 - INFO - Data updating completed.
2023-09-04 09:59:22,966 - INFO - Analysis reports saved for all stocks in the directory: analysis_reports
2023-09-04 09:59:23,969 - INFO - Data updating completed.
2023-09-04 09:59:23,970 - INFO - Analysis reports saved for all stocks in the directory: analysis_reports
2023-09-04 09:59:24,971 - INFO - Data updating completed.
2023-09-04 09:59:24,972 - INFO - Analysis reports saved for all stocks in the directory: analysis_reports
2023-09-04 09:59:25,976 - INFO - Data updating completed.
2023-09-04 09:59:25,977 - INFO - Analysis reports saved for all stocks in the directory: analysis_reports
2023-09-04 09:59:26,978 - INFO - Data updating completed.
2023-09-04 09:59:26,980 - INFO - Analysis reports saved for all stocks in the directory: analysis_reports
2023-09-04 09:59:27,982 - INFO - Data updating completed.
2023-09-04 09:59:27,983 - INFO - Analysis reports saved for all stocks in the directory: analysis_reports
2023-09-04 09:59:28,986 - INFO - Data updating completed.
2023-09-04 09:59:28,987 - INFO - Analysis reports saved for all stocks in the directory: analysis_reports
2023-09-04 09:59:29,990 - INFO - Data updating completed.
2023-09-04 09:59:29,991 - INFO - Analysis reports saved for all stocks in the directory: analysis_reports
2023-09-04 09:59:30,993 - INFO - Data updating completed.
2023-09-04 09:59:30,994 - INFO - Analysis reports saved for all stocks in the directory: analysis_reports
2023-09-04 09:59:31,997 - INFO - Data updating completed.
2023-09-04 09:59:31,998 - INFO - Analysis reports saved for all stocks in the directory: analysis_reports
2023-09-04 09:59:33,000 - INFO - Data updating completed.
2023-09-04 09:59:33,001 - INFO - Analysis reports saved for all stocks in the directory: analysis_reports
2023-09-04 09:59:34,004 - INFO - Data updating completed.
2023-09-04 09:59:34,005 - INFO - Analysis reports saved for all stocks in the directory: analysis_reports
2023-09-04 09:59:35,007 - INFO - Data updating completed.
2023-09-04 09:59:35,008 - INFO - Analysis reports saved for all stocks in the directory: analysis_reports
2023-09-04 09:59:36,010 - INFO - Data updating completed.
2023-09-04 09:59:36,011 - INFO - Analysis reports saved for all stocks in the directory: analysis_reports
2023-09-04 09:59:37,015 - INFO - Data updating completed.
2023-09-04 09:59:37,015 - INFO - Analysis reports saved for all stocks in the directory: analysis_reports
2023-09-04 09:59:38,018 - INFO - Data updating completed.
2023-09-04 09:59:38,019 - INFO - Analysis reports saved for all stocks in the directory: analysis_reports
2023-09-04 09:59:39,021 - INFO - Data updating completed.
2023-09-04 09:59:39,021 - INFO - Analysis reports saved for all stocks in the directory: analysis_reports
2023-09-04 09:59:40,024 - INFO - Data updating completed.
2023-09-04 09:59:40,024 - INFO - Analysis reports saved for all stocks in the directory: analysis_reports
2023-09-04 09:59:41,027 - INFO - Data updating completed.
2023-09-04 09:59:41,028 - INFO - Analysis reports saved for all stocks in the directory: analysis_reports
2023-09-04 09:59:42,031 - INFO - Data updating completed.
2023-09-04 09:59:42,032 - INFO - Analysis reports saved for all stocks in the directory: analysis_reports
2023-09-04 09:59:43,034 - INFO - Data updating completed.
2023-09-04 09:59:43,035 - INFO - Analysis reports saved for all stocks in the directory: analysis_reports
2023-09-04 09:59:44,037 - INFO - Data updating completed.
2023-09-04 09:59:44,038 - INFO - Analysis reports saved for all stocks in the directory: analysis_reports
2023-09-04 09:59:45,041 - INFO - Data updating completed.
2023-09-04 09:59:45,041 - INFO - Analysis reports saved for all stocks in the directory: analysis_reports
2023-09-04 09:59:46,057 - INFO - Data updating completed.
2023-09-04 09:59:46,059 - INFO - Analysis reports saved for all stocks in the directory: analysis_reports
2023-09-04 09:59:47,062 - INFO - Data updating completed.
2023-09-04 09:59:47,063 - INFO - Analysis reports saved for all stocks in the directory: analysis_reports
2023-09-04 09:59:48,064 - INFO - Data updating completed.
2023-09-04 09:59:48,065 - INFO - Analysis reports saved for all stocks in the directory: analysis_reports
2023-09-04 09:59:48,789 - CRITICAL - Script interrupted by user.
2023-09-04 09:59:48,790 - INFO - Script ended.
INFO:werkzeug:[31m[1mWARNING: This is a development server. Do not use it in a production deployment. Use a production WSGI server instead.[0m
 * Running on http://127.0.0.1:8000
INFO:werkzeug:[33mPress CTRL+C to quit[0m
INFO:werkzeug: * Restarting with stat
2023-09-04 10:04:57,450 - INFO - Script started.
2023-09-04 10:04:59,204 - INFO - Processed: 1/4487 - Stock Code: 533022
2023-09-04 10:04:59,586 - INFO - Processed: 2/4487 - Stock Code: 532628
2023-09-04 10:04:59,878 - INFO - Processed: 3/4487 - Stock Code: 523395
2023-09-04 10:05:00,475 - WARNING - Stock 590116 is inactive.
2023-09-04 10:05:00,920 - INFO - Processed: 4/4487 - Stock Code: 512161
2023-09-04 10:05:01,153 - INFO - Processed: 5/4487 - Stock Code: 538351
2023-09-04 10:05:01,388 - INFO - Processed: 6/4487 - Stock Code: 539300
2023-09-04 10:05:01,591 - INFO - Processed: 7/4487 - Stock Code: 530499
2023-09-04 10:05:01,790 - INFO - Processed: 8/4487 - Stock Code: 533292
2023-09-04 10:05:02,231 - WARNING - Stock 531611 is inactive.
2023-09-04 10:05:02,443 - INFO - Processed: 9/4487 - Stock Code: 530027
WARNING:werkzeug: * Debugger is active!
INFO:werkzeug: * Debugger PIN: 362-967-229
2023-09-04 10:05:03,030 - WARNING - Stock 531866 is inactive.
2023-09-04 10:05:03,122 - INFO - Script started.
2023-09-04 10:05:03,230 - INFO - Processed: 10/4487 - Stock Code: 539096
2023-09-04 10:05:03,433 - INFO - Processed: 11/4487 - Stock Code: 538812
2023-09-04 10:05:03,643 - INFO - Processed: 12/4487 - Stock Code: 524412
2023-09-04 10:05:03,866 - INFO - Processed: 13/4487 - Stock Code: 524348
2023-09-04 10:05:04,112 - INFO - Processed: 14/4487 - Stock Code: 524208
2023-09-04 10:05:04,323 - INFO - Processed: 15/4487 - Stock Code: 514274
2023-09-04 10:05:04,359 - INFO - Processed: 1/4487 - Stock Code: 533022
2023-09-04 10:05:04,553 - INFO - Processed: 2/4487 - Stock Code: 532628
2023-09-04 10:05:04,731 - INFO - Processed: 3/4487 - Stock Code: 523395
2023-09-04 10:05:04,908 - WARNING - Stock 531731 is inactive.
2023-09-04 10:05:04,916 - WARNING - Stock 590116 is inactive.
2023-09-04 10:05:05,127 - INFO - Processed: 4/4487 - Stock Code: 512161
2023-09-04 10:05:05,366 - INFO - Processed: 5/4487 - Stock Code: 538351
2023-09-04 10:05:05,495 - INFO - Processed: 16/4487 - Stock Code: 519319
2023-09-04 10:05:05,551 - INFO - Processed: 6/4487 - Stock Code: 539300
2023-09-04 10:05:05,722 - INFO - Processed: 17/4487 - Stock Code: 512038
2023-09-04 10:05:05,738 - INFO - Processed: 7/4487 - Stock Code: 530499
2023-09-04 10:05:05,955 - INFO - Processed: 8/4487 - Stock Code: 533292
2023-09-04 10:05:06,017 - INFO - Processed: 18/4487 - Stock Code: 523204
2023-09-04 10:05:06,180 - WARNING - Stock 531611 is inactive.
2023-09-04 10:05:06,284 - INFO - Processed: 19/4487 - Stock Code: 512165
2023-09-04 10:05:06,389 - INFO - Processed: 9/4487 - Stock Code: 530027
2023-09-04 10:05:06,528 - INFO - Processed: 20/4487 - Stock Code: 500002
2023-09-04 10:05:06,628 - WARNING - Stock 531866 is inactive.
2023-09-04 10:05:06,821 - INFO - Processed: 21/4487 - Stock Code: 500488
2023-09-04 10:05:06,838 - INFO - Processed: 10/4487 - Stock Code: 539096
2023-09-04 10:05:07,091 - INFO - Processed: 11/4487 - Stock Code: 538812
2023-09-04 10:05:07,245 - WARNING - Stock 505665 is inactive.
2023-09-04 10:05:07,307 - INFO - Processed: 12/4487 - Stock Code: 524412
2023-09-04 10:05:07,497 - INFO - Processed: 22/4487 - Stock Code: 513119
2023-09-04 10:05:07,550 - INFO - Processed: 13/4487 - Stock Code: 524348
2023-09-04 10:05:07,784 - INFO - Processed: 23/4487 - Stock Code: 520123
2023-09-04 10:05:07,807 - INFO - Processed: 14/4487 - Stock Code: 524208
2023-09-04 10:05:08,033 - INFO - Processed: 15/4487 - Stock Code: 514274
2023-09-04 10:05:08,259 - WARNING - Stock 531731 is inactive.
2023-09-04 10:05:08,495 - INFO - Processed: 16/4487 - Stock Code: 519319
2023-09-04 10:05:08,496 - WARNING - Stock 532682 is inactive.
2023-09-04 10:05:08,706 - INFO - Processed: 17/4487 - Stock Code: 512038
2023-09-04 10:05:08,771 - INFO - Processed: 24/4487 - Stock Code: 532057
2023-09-04 10:05:08,932 - INFO - Processed: 18/4487 - Stock Code: 523204
2023-09-04 10:05:09,066 - INFO - Processed: 25/4487 - Stock Code: 538952
2023-09-04 10:05:09,148 - INFO - Processed: 19/4487 - Stock Code: 512165
2023-09-04 10:05:09,394 - INFO - Processed: 20/4487 - Stock Code: 500002
2023-09-04 10:05:09,552 - WARNING - Stock 532831 is inactive.
2023-09-04 10:05:09,618 - INFO - Processed: 21/4487 - Stock Code: 500488
2023-09-04 10:05:09,847 - INFO - Processed: 26/4487 - Stock Code: 538935
2023-09-04 10:05:09,853 - WARNING - Stock 505665 is inactive.
2023-09-04 10:05:10,091 - INFO - Processed: 22/4487 - Stock Code: 513119
2023-09-04 10:05:10,107 - INFO - Processed: 27/4487 - Stock Code: 511756
2023-09-04 10:05:10,325 - INFO - Processed: 23/4487 - Stock Code: 520123
2023-09-04 10:05:10,566 - WARNING - Stock 532682 is inactive.
2023-09-04 10:05:10,601 - WARNING - Stock 526955 is inactive.
2023-09-04 10:05:10,881 - INFO - Processed: 24/4487 - Stock Code: 532057
2023-09-04 10:05:10,901 - INFO - Processed: 28/4487 - Stock Code: 531161
2023-09-04 10:05:11,106 - INFO - Processed: 25/4487 - Stock Code: 538952
2023-09-04 10:05:11,410 - WARNING - Stock 532831 is inactive.
2023-09-04 10:05:11,418 - INFO - Processed: 29/4487 - Stock Code: 500410
2023-09-04 10:05:11,739 - INFO - Processed: 26/4487 - Stock Code: 538935
2023-09-04 10:05:11,858 - INFO - Processed: 30/4487 - Stock Code: 532774
2023-09-04 10:05:12,001 - INFO - Processed: 27/4487 - Stock Code: 511756
2023-09-04 10:05:12,255 - WARNING - Stock 526955 is inactive.
2023-09-04 10:05:12,512 - INFO - Processed: 31/4487 - Stock Code: 517494
2023-09-04 10:05:12,556 - INFO - Processed: 28/4487 - Stock Code: 531161
2023-09-04 10:05:12,878 - INFO - Processed: 29/4487 - Stock Code: 500410
2023-09-04 10:05:13,153 - INFO - Processed: 30/4487 - Stock Code: 532774
2023-09-04 10:05:13,484 - INFO - Processed: 31/4487 - Stock Code: 517494
2023-09-04 10:05:13,547 - INFO - Processed: 32/4487 - Stock Code: 532268
2023-09-04 10:05:13,744 - INFO - Processed: 32/4487 - Stock Code: 532268
2023-09-04 10:05:14,141 - WARNING - Stock 531897 is inactive.
INFO:werkzeug:127.0.0.1 - - [04/Sep/2023 10:05:14] "GET / HTTP/1.1" 200 -
2023-09-04 10:05:14,472 - WARNING - Stock 531897 is inactive.
2023-09-04 10:05:14,709 - WARNING - Stock 526347 is inactive.
2023-09-04 10:05:14,784 - WARNING - Stock 526347 is inactive.
2023-09-04 10:05:15,162 - WARNING - Stock 530513 is inactive.
2023-09-04 10:05:15,406 - WARNING - Stock 530513 is inactive.
2023-09-04 10:05:15,796 - WARNING - Stock 530093 is inactive.
INFO:werkzeug:127.0.0.1 - - [04/Sep/2023 10:05:15] "GET /analyze HTTP/1.1" 200 -
2023-09-04 10:05:15,799 - WARNING - Stock 530093 is inactive.
2023-09-04 10:05:16,049 - INFO - Processed: 33/4487 - Stock Code: 531525
2023-09-04 10:05:16,055 - INFO - Processed: 33/4487 - Stock Code: 531525
2023-09-04 10:05:16,552 - WARNING - Stock 536492 is inactive.
INFO:werkzeug:127.0.0.1 - - [04/Sep/2023 10:05:16] "GET /analyze HTTP/1.1" 200 -
2023-09-04 10:05:16,805 - WARNING - Stock 536492 is inactive.
INFO:werkzeug:127.0.0.1 - - [04/Sep/2023 10:05:16] "GET /analyze/20%20Microns%20Ltd. HTTP/1.1" 200 -
2023-09-04 10:05:17,083 - WARNING - Stock 538570 is inactive.
2023-09-04 10:05:17,144 - WARNING - Stock 538570 is inactive.
2023-09-04 10:05:17,716 - INFO - Processed: 34/4487 - Stock Code: 517356
2023-09-04 10:05:17,787 - INFO - Processed: 34/4487 - Stock Code: 517356
2023-09-04 10:05:18,290 - WARNING - Stock 530901 is inactive.
2023-09-04 10:05:18,474 - WARNING - Stock 530901 is inactive.
2023-09-04 10:05:18,994 - INFO - Processed: 35/4487 - Stock Code: 530043
2023-09-04 10:05:19,192 - INFO - Processed: 35/4487 - Stock Code: 530043
2023-09-04 10:05:19,632 - INFO - Processed: 36/4487 - Stock Code: 539391
2023-09-04 10:05:19,691 - INFO - Processed: 36/4487 - Stock Code: 539391
2023-09-04 10:05:20,202 - WARNING - Stock 533330 is inactive.
2023-09-04 10:05:20,377 - WARNING - Stock 533330 is inactive.
2023-09-04 10:05:20,699 - INFO - Processed: 37/4487 - Stock Code: 513149
2023-09-04 10:05:20,729 - INFO - Processed: 37/4487 - Stock Code: 513149
2023-09-04 10:05:21,317 - INFO - Processed: 38/4487 - Stock Code: 524091
2023-09-04 10:05:21,331 - INFO - Processed: 38/4487 - Stock Code: 524091
2023-09-04 10:05:21,758 - INFO - Processed: 39/4487 - Stock Code: 532762
2023-09-04 10:05:21,995 - INFO - Processed: 39/4487 - Stock Code: 532762
2023-09-04 10:05:22,327 - WARNING - Stock 511706 is inactive.
2023-09-04 10:05:22,568 - WARNING - Stock 511706 is inactive.
2023-09-04 10:05:22,821 - INFO - Processed: 40/4487 - Stock Code: 511359
2023-09-04 10:05:22,841 - INFO - Processed: 40/4487 - Stock Code: 511359
2023-09-04 10:05:23,561 - INFO - Processed: 41/4487 - Stock Code: 512599
2023-09-04 10:05:23,574 - INFO - Processed: 41/4487 - Stock Code: 512599
2023-09-04 10:05:23,834 - INFO - Processed: 42/4487 - Stock Code: 532921
2023-09-04 10:05:23,843 - INFO - Processed: 42/4487 - Stock Code: 532921
2023-09-04 10:05:24,399 - INFO - Processed: 43/4487 - Stock Code: 533096
2023-09-04 10:05:24,613 - INFO - Processed: 43/4487 - Stock Code: 533096
2023-09-04 10:05:25,138 - INFO - Processed: 44/4487 - Stock Code: 539254
2023-09-04 10:05:25,416 - INFO - Processed: 44/4487 - Stock Code: 539254
2023-09-04 10:05:25,625 - WARNING - Stock 538563 is inactive.
2023-09-04 10:05:25,645 - WARNING - Stock 538563 is inactive.
2023-09-04 10:05:26,203 - INFO - Processed: 45/4487 - Stock Code: 526711
2023-09-04 10:05:26,359 - INFO - Processed: 45/4487 - Stock Code: 526711
INFO:werkzeug:127.0.0.1 - - [04/Sep/2023 10:05:26] "GET /analyze/Abirami%20Financial%20Services%20(india)%20Ltd. HTTP/1.1" 200 -
2023-09-04 10:05:26,786 - INFO - Processed: 46/4487 - Stock Code: 523411
2023-09-04 10:05:26,941 - INFO - Processed: 46/4487 - Stock Code: 523411
2023-09-04 10:05:27,573 - INFO - Processed: 47/4487 - Stock Code: 538734
2023-09-04 10:05:27,854 - INFO - Processed: 47/4487 - Stock Code: 538734
2023-09-04 10:05:28,521 - INFO - Processed: 48/4487 - Stock Code: 507852
2023-09-04 10:05:28,546 - INFO - Processed: 48/4487 - Stock Code: 507852
INFO:werkzeug:127.0.0.1 - - [04/Sep/2023 10:05:28] "GET /analyze/Abirami%20Financial%20Services%20(india)%20Ltd. HTTP/1.1" 200 -
2023-09-04 10:05:29,062 - INFO - Processed: 49/4487 - Stock Code: 519183
2023-09-04 10:05:29,189 - INFO - Processed: 49/4487 - Stock Code: 519183
2023-09-04 10:05:29,585 - INFO - Processed: 50/4487 - Stock Code: 539189
INFO:werkzeug:127.0.0.1 - - [04/Sep/2023 10:05:29] "GET /analyze/Abirami%20Financial%20Services%20(india)%20Ltd. HTTP/1.1" 200 -
2023-09-04 10:05:29,894 - INFO - Processed: 50/4487 - Stock Code: 539189
2023-09-04 10:05:30,202 - INFO - Processed: 51/4487 - Stock Code: 538365
2023-09-04 10:05:30,333 - INFO - Processed: 51/4487 - Stock Code: 538365
2023-09-04 10:05:30,727 - WARNING - Stock 532727 is inactive.
2023-09-04 10:05:30,980 - WARNING - Stock 532727 is inactive.
2023-09-04 10:05:31,407 - INFO - Processed: 52/4487 - Stock Code: 530117
2023-09-04 10:05:31,414 - INFO - Processed: 52/4487 - Stock Code: 530117
2023-09-04 10:05:32,002 - INFO - Processed: 53/4487 - Stock Code: 531592
2023-09-04 10:05:32,102 - INFO - Processed: 53/4487 - Stock Code: 531592
2023-09-04 10:05:32,455 - WARNING - Stock 590088 is inactive.
2023-09-04 10:05:32,542 - WARNING - Stock 590088 is inactive.
2023-09-04 10:05:33,089 - INFO - Processed: 54/4487 - Stock Code: 532056
2023-09-04 10:05:33,521 - INFO - Processed: 54/4487 - Stock Code: 532056
2023-09-04 10:05:33,828 - INFO - Processed: 55/4487 - Stock Code: 514113
2023-09-04 10:05:33,857 - INFO - Processed: 55/4487 - Stock Code: 514113
2023-09-04 10:05:34,353 - WARNING - Stock 500057 is inactive.
2023-09-04 10:05:34,426 - WARNING - Stock 500057 is inactive.
2023-09-04 10:05:34,840 - INFO - Processed: 56/4487 - Stock Code: 535755
2023-09-04 10:05:35,148 - INFO - Processed: 56/4487 - Stock Code: 535755
2023-09-04 10:05:35,654 - INFO - Processed: 57/4487 - Stock Code: 532974
2023-09-04 10:05:35,744 - INFO - Processed: 57/4487 - Stock Code: 532974
2023-09-04 10:05:36,417 - WARNING - Stock 500303 is inactive.
2023-09-04 10:05:36,419 - WARNING - Stock 500303 is inactive.
2023-09-04 10:05:36,937 - WARNING - Stock 522150 is inactive.
2023-09-04 10:05:37,081 - WARNING - Stock 522150 is inactive.
2023-09-04 10:05:37,651 - INFO - Processed: 58/4487 - Stock Code: 513513
2023-09-04 10:05:38,006 - INFO - Processed: 58/4487 - Stock Code: 513513
2023-09-04 10:05:38,285 - INFO - Processed: 59/4487 - Stock Code: 521141
2023-09-04 10:05:38,301 - INFO - Processed: 59/4487 - Stock Code: 521141
2023-09-04 10:05:39,000 - INFO - Processed: 60/4487 - Stock Code: 539056
2023-09-04 10:05:39,242 - INFO - Processed: 60/4487 - Stock Code: 539056
2023-09-04 10:05:39,523 - INFO - Processed: 61/4487 - Stock Code: 530431
2023-09-04 10:05:39,555 - INFO - Processed: 61/4487 - Stock Code: 530431
2023-09-04 10:05:39,975 - INFO - Processed: 62/4487 - Stock Code: 523120
2023-09-04 10:05:40,211 - INFO - Processed: 62/4487 - Stock Code: 523120
2023-09-04 10:05:40,657 - INFO - Processed: 63/4487 - Stock Code: 517041
2023-09-04 10:05:41,000 - INFO - Processed: 63/4487 - Stock Code: 517041
2023-09-04 10:05:41,420 - WARNING - Stock 523031 is inactive.
2023-09-04 10:05:41,441 - WARNING - Stock 523031 is inactive.
2023-09-04 10:05:41,932 - INFO - Processed: 64/4487 - Stock Code: 521048
2023-09-04 10:05:42,042 - INFO - Processed: 64/4487 - Stock Code: 521048
2023-09-04 10:05:42,639 - INFO - Processed: 65/4487 - Stock Code: 534612
2023-09-04 10:05:42,766 - INFO - Processed: 65/4487 - Stock Code: 534612
2023-09-04 10:05:43,176 - INFO - Processed: 66/4487 - Stock Code: 506947
INFO:werkzeug:127.0.0.1 - - [04/Sep/2023 10:05:43] "GET /analyze HTTP/1.1" 200 -
2023-09-04 10:05:43,293 - INFO - Processed: 66/4487 - Stock Code: 506947
INFO:werkzeug:127.0.0.1 - - [04/Sep/2023 10:05:43] "GET /analyze/20%20Microns%20Ltd. HTTP/1.1" 200 -
2023-09-04 10:05:43,699 - WARNING - Stock 531047 is inactive.
2023-09-04 10:05:43,786 - WARNING - Stock 531047 is inactive.
2023-09-04 10:05:44,133 - WARNING - Stock 517552 is inactive.
2023-09-04 10:05:44,453 - WARNING - Stock 517552 is inactive.
2023-09-04 10:05:44,711 - INFO - Processed: 67/4487 - Stock Code: 523269
2023-09-04 10:05:44,743 - INFO - Processed: 67/4487 - Stock Code: 523269
2023-09-04 10:05:45,153 - WARNING - Stock 532840 is inactive.
2023-09-04 10:05:45,326 - WARNING - Stock 532840 is inactive.
2023-09-04 10:05:45,631 - WARNING - Stock 531429 is inactive.
2023-09-04 10:05:45,838 - WARNING - Stock 531429 is inactive.
2023-09-04 10:05:46,151 - INFO - Processed: 68/4487 - Stock Code: 531686
2023-09-04 10:05:46,274 - INFO - Processed: 68/4487 - Stock Code: 531686
2023-09-04 10:05:46,772 - INFO - Processed: 69/4487 - Stock Code: 500003
2023-09-04 10:05:46,848 - INFO - Processed: 69/4487 - Stock Code: 500003
2023-09-04 10:05:47,224 - WARNING - Stock 530707 is inactive.
2023-09-04 10:05:47,500 - WARNING - Stock 530707 is inactive.
2023-09-04 10:05:47,931 - INFO - Processed: 70/4487 - Stock Code: 531921
2023-09-04 10:05:48,116 - INFO - Processed: 70/4487 - Stock Code: 531921
2023-09-04 10:05:48,580 - INFO - Processed: 71/4487 - Stock Code: 500463
2023-09-04 10:05:48,847 - INFO - Processed: 71/4487 - Stock Code: 500463
2023-09-04 10:05:49,386 - INFO - Processed: 72/4487 - Stock Code: 539042
2023-09-04 10:05:49,404 - INFO - Processed: 72/4487 - Stock Code: 539042
2023-09-04 10:05:50,074 - INFO - Processed: 73/4487 - Stock Code: 516020
2023-09-04 10:05:50,118 - INFO - Processed: 73/4487 - Stock Code: 516020
2023-09-04 10:05:50,672 - INFO - Processed: 74/4487 - Stock Code: 537292
2023-09-04 10:05:50,713 - INFO - Processed: 74/4487 - Stock Code: 537292
2023-09-04 10:05:51,229 - WARNING - Stock 537492 is inactive.
2023-09-04 10:05:51,277 - WARNING - Stock 537492 is inactive.
2023-09-04 10:05:51,916 - WARNING - Stock 519281 is inactive.
2023-09-04 10:05:52,466 - INFO - Processed: 75/4487 - Stock Code: 500215
2023-09-04 10:05:52,593 - WARNING - Stock 519281 is inactive.
2023-09-04 10:05:52,849 - INFO - Processed: 75/4487 - Stock Code: 500215
2023-09-04 10:05:53,086 - WARNING - Stock 524448 is inactive.
2023-09-04 10:05:53,166 - WARNING - Stock 524448 is inactive.
2023-09-04 10:05:53,505 - INFO - Processed: 76/4487 - Stock Code: 532811
2023-09-04 10:05:53,525 - INFO - Processed: 76/4487 - Stock Code: 532811
2023-09-04 10:05:54,051 - INFO - Processed: 77/4487 - Stock Code: 522273
2023-09-04 10:05:54,106 - INFO - Processed: 77/4487 - Stock Code: 522273
2023-09-04 10:05:54,694 - INFO - Processed: 78/4487 - Stock Code: 532806
2023-09-04 10:05:54,815 - INFO - Processed: 78/4487 - Stock Code: 532806
2023-09-04 10:05:55,162 - INFO - Processed: 79/4487 - Stock Code: 532683
2023-09-04 10:05:55,210 - INFO - Processed: 79/4487 - Stock Code: 532683
2023-09-04 10:05:55,578 - WARNING - Stock 506822 is inactive.
2023-09-04 10:05:55,843 - WARNING - Stock 506822 is inactive.
2023-09-04 10:05:56,093 - INFO - Processed: 80/4487 - Stock Code: 524288
2023-09-04 10:05:56,257 - INFO - Processed: 80/4487 - Stock Code: 524288
2023-09-04 10:05:56,525 - INFO - Processed: 81/4487 - Stock Code: 532975
2023-09-04 10:05:56,745 - INFO - Processed: 81/4487 - Stock Code: 532975
2023-09-04 10:05:57,241 - INFO - Processed: 82/4487 - Stock Code: 532331
2023-09-04 10:05:57,313 - INFO - Processed: 82/4487 - Stock Code: 532331
2023-09-04 10:05:57,830 - INFO - Processed: 83/4487 - Stock Code: 519216
2023-09-04 10:05:57,883 - INFO - Processed: 83/4487 - Stock Code: 519216
2023-09-04 10:05:58,415 - INFO - Processed: 84/4487 - Stock Code: 511692
2023-09-04 10:05:58,557 - INFO - Processed: 84/4487 - Stock Code: 511692
2023-09-04 10:05:58,993 - INFO - Processed: 85/4487 - Stock Code: 530713
2023-09-04 10:05:59,034 - INFO - Processed: 85/4487 - Stock Code: 530713
2023-09-04 10:05:59,519 - INFO - Processed: 86/4487 - Stock Code: 513349
2023-09-04 10:05:59,731 - INFO - Processed: 86/4487 - Stock Code: 513349
2023-09-04 10:06:00,201 - INFO - Processed: 87/4487 - Stock Code: 526628
2023-09-04 10:06:00,304 - INFO - Processed: 87/4487 - Stock Code: 526628
2023-09-04 10:06:00,682 - INFO - Processed: 88/4487 - Stock Code: 530621
2023-09-04 10:06:00,717 - INFO - Processed: 88/4487 - Stock Code: 530621
2023-09-04 10:06:01,290 - INFO - Processed: 89/4487 - Stock Code: 538778
2023-09-04 10:06:01,345 - INFO - Processed: 89/4487 - Stock Code: 538778
2023-09-04 10:06:01,716 - INFO - Processed: 90/4487 - Stock Code: 539017
2023-09-04 10:06:01,764 - INFO - Processed: 90/4487 - Stock Code: 539017
2023-09-04 10:06:02,323 - INFO - Processed: 91/4487 - Stock Code: 532351
2023-09-04 10:06:02,327 - INFO - Processed: 91/4487 - Stock Code: 532351
2023-09-04 10:06:02,940 - INFO - Processed: 92/4487 - Stock Code: 524598
2023-09-04 10:06:02,958 - INFO - Processed: 92/4487 - Stock Code: 524598
2023-09-04 10:06:03,751 - INFO - Processed: 93/4487 - Stock Code: 500710
2023-09-04 10:06:03,808 - INFO - Processed: 93/4487 - Stock Code: 500710
2023-09-04 10:06:04,326 - INFO - Processed: 94/4487 - Stock Code: 535916
2023-09-04 10:06:04,573 - INFO - Processed: 94/4487 - Stock Code: 535916
2023-09-04 10:06:04,821 - INFO - Processed: 95/4487 - Stock Code: 539115
2023-09-04 10:06:04,852 - INFO - Processed: 95/4487 - Stock Code: 539115
2023-09-04 10:06:05,425 - WARNING - Stock 531517 is inactive.
2023-09-04 10:06:05,468 - WARNING - Stock 531517 is inactive.
2023-09-04 10:06:05,987 - INFO - Processed: 96/4487 - Stock Code: 531082
2023-09-04 10:06:06,238 - INFO - Processed: 96/4487 - Stock Code: 531082
2023-09-04 10:06:06,445 - INFO - Processed: 97/4487 - Stock Code: 524075
2023-09-04 10:06:06,540 - INFO - Processed: 97/4487 - Stock Code: 524075
2023-09-04 10:06:07,121 - INFO - Processed: 98/4487 - Stock Code: 531409
2023-09-04 10:06:07,234 - INFO - Processed: 98/4487 - Stock Code: 531409
2023-09-04 10:06:07,639 - WARNING - Stock 526707 is inactive.
2023-09-04 10:06:07,948 - WARNING - Stock 526707 is inactive.
2023-09-04 10:06:08,106 - WARNING - Stock 532114 is inactive.
2023-09-04 10:06:08,189 - WARNING - Stock 532114 is inactive.
2023-09-04 10:06:08,604 - INFO - Processed: 99/4487 - Stock Code: 506235
2023-09-04 10:06:08,879 - INFO - Processed: 99/4487 - Stock Code: 506235
2023-09-04 10:06:09,261 - INFO - Processed: 100/4487 - Stock Code: 533573
2023-09-04 10:06:09,368 - INFO - Processed: 100/4487 - Stock Code: 533573
2023-09-04 10:06:09,729 - INFO - Processed: 101/4487 - Stock Code: 530973
2023-09-04 10:06:10,092 - INFO - Processed: 101/4487 - Stock Code: 530973
2023-09-04 10:06:10,326 - INFO - Processed: 102/4487 - Stock Code: 517546
2023-09-04 10:06:10,343 - INFO - Processed: 102/4487 - Stock Code: 517546
2023-09-04 10:06:11,118 - INFO - Processed: 103/4487 - Stock Code: 531156
2023-09-04 10:06:11,122 - INFO - Processed: 103/4487 - Stock Code: 531156
2023-09-04 10:06:11,642 - INFO - Processed: 104/4487 - Stock Code: 505216
2023-09-04 10:06:11,885 - INFO - Processed: 104/4487 - Stock Code: 505216
2023-09-04 10:06:12,323 - INFO - Processed: 105/4487 - Stock Code: 531147
2023-09-04 10:06:12,331 - INFO - Processed: 105/4487 - Stock Code: 531147
2023-09-04 10:06:12,833 - WARNING - Stock 531581 is inactive.
2023-09-04 10:06:13,002 - WARNING - Stock 531581 is inactive.
2023-09-04 10:06:13,533 - WARNING - Stock 530889 is inactive.
2023-09-04 10:06:13,557 - WARNING - Stock 530889 is inactive.
2023-09-04 10:06:14,044 - WARNING - Stock 532166 is inactive.
2023-09-04 10:06:14,245 - WARNING - Stock 532166 is inactive.
2023-09-04 10:06:14,669 - INFO - Processed: 106/4487 - Stock Code: 533029
2023-09-04 10:06:14,760 - INFO - Processed: 106/4487 - Stock Code: 533029
2023-09-04 10:06:15,129 - INFO - Processed: 107/4487 - Stock Code: 506767
2023-09-04 10:06:15,562 - WARNING - Stock 532480 is inactive.
2023-09-04 10:06:16,232 - INFO - Processed: 108/4487 - Stock Code: 532749
2023-09-04 10:06:16,809 - INFO - Processed: 109/4487 - Stock Code: 534064
2023-09-04 10:06:17,291 - INFO - Processed: 107/4487 - Stock Code: 506767
2023-09-04 10:06:17,477 - WARNING - Stock 532919 is inactive.
2023-09-04 10:06:17,510 - WARNING - Stock 532480 is inactive.
2023-09-04 10:06:17,801 - INFO - Processed: 108/4487 - Stock Code: 532749
2023-09-04 10:06:18,093 - INFO - Processed: 110/4487 - Stock Code: 532875
2023-09-04 10:06:18,146 - INFO - Processed: 109/4487 - Stock Code: 534064
2023-09-04 10:06:18,418 - WARNING - Stock 532919 is inactive.
2023-09-04 10:06:18,605 - INFO - Processed: 111/4487 - Stock Code: 532633
2023-09-04 10:06:18,683 - INFO - Processed: 110/4487 - Stock Code: 532875
2023-09-04 10:06:18,952 - INFO - Processed: 111/4487 - Stock Code: 532633
2023-09-04 10:06:19,060 - INFO - Processed: 112/4487 - Stock Code: 531400
2023-09-04 10:06:19,204 - INFO - Processed: 112/4487 - Stock Code: 531400
2023-09-04 10:06:19,672 - WARNING - Stock 506120 is inactive.
2023-09-04 10:06:19,762 - WARNING - Stock 506120 is inactive.
2023-09-04 10:06:19,978 - INFO - Processed: 113/4487 - Stock Code: 521070
2023-09-04 10:06:20,287 - INFO - Processed: 113/4487 - Stock Code: 521070
2023-09-04 10:06:20,650 - INFO - Processed: 114/4487 - Stock Code: 532878
2023-09-04 10:06:20,777 - INFO - Processed: 114/4487 - Stock Code: 532878
2023-09-04 10:06:21,393 - WARNING - Stock 531720 is inactive.
2023-09-04 10:06:21,562 - WARNING - Stock 531720 is inactive.
2023-09-04 10:06:22,046 - WARNING - Stock 531247 is inactive.
2023-09-04 10:06:22,146 - WARNING - Stock 531247 is inactive.
2023-09-04 10:06:22,486 - INFO - Processed: 115/4487 - Stock Code: 526397
2023-09-04 10:06:22,554 - INFO - Processed: 115/4487 - Stock Code: 526397
2023-09-04 10:06:23,028 - INFO - Processed: 116/4487 - Stock Code: 526519
2023-09-04 10:06:23,181 - INFO - Processed: 116/4487 - Stock Code: 526519
2023-09-04 10:06:23,681 - INFO - Processed: 117/4487 - Stock Code: 530715
2023-09-04 10:06:23,704 - INFO - Processed: 117/4487 - Stock Code: 530715
2023-09-04 10:06:24,155 - INFO - Processed: 118/4487 - Stock Code: 532309
2023-09-04 10:06:24,631 - INFO - Processed: 118/4487 - Stock Code: 532309
2023-09-04 10:06:24,761 - INFO - Processed: 119/4487 - Stock Code: 522275
2023-09-04 10:06:24,890 - INFO - Processed: 119/4487 - Stock Code: 522275
2023-09-04 10:06:25,221 - INFO - Processed: 120/4487 - Stock Code: 539277
2023-09-04 10:06:25,238 - INFO - Processed: 120/4487 - Stock Code: 539277
2023-09-04 10:06:25,698 - INFO - Processed: 121/4487 - Stock Code: 524634
INFO:werkzeug:127.0.0.1 - - [04/Sep/2023 10:06:25] "GET /analyze/Ador%20Welding%20Ltd. HTTP/1.1" 200 -
2023-09-04 10:06:25,911 - INFO - Processed: 121/4487 - Stock Code: 524634
2023-09-04 10:06:26,307 - INFO - Processed: 122/4487 - Stock Code: 506597
2023-09-04 10:06:26,391 - INFO - Processed: 122/4487 - Stock Code: 506597
2023-09-04 10:06:26,768 - INFO - Processed: 123/4487 - Stock Code: 501622
2023-09-04 10:06:27,036 - INFO - Processed: 123/4487 - Stock Code: 501622
2023-09-04 10:06:27,199 - INFO - Processed: 124/4487 - Stock Code: 512008
2023-09-04 10:06:27,341 - INFO - Processed: 124/4487 - Stock Code: 512008
2023-09-04 10:06:27,717 - WARNING - Stock 532664 is inactive.
2023-09-04 10:06:27,922 - WARNING - Stock 532664 is inactive.
2023-09-04 10:06:27,964 - INFO - Processed: 125/4487 - Stock Code: 500008
2023-09-04 10:06:28,192 - INFO - Processed: 125/4487 - Stock Code: 500008
2023-09-04 10:06:28,680 - INFO - Processed: 126/4487 - Stock Code: 521097
2023-09-04 10:06:28,750 - INFO - Processed: 126/4487 - Stock Code: 521097
2023-09-04 10:06:29,138 - INFO - Processed: 127/4487 - Stock Code: 538465
2023-09-04 10:06:29,444 - INFO - Processed: 127/4487 - Stock Code: 538465
2023-09-04 10:06:29,576 - INFO - Processed: 128/4487 - Stock Code: 539196
2023-09-04 10:06:29,705 - INFO - Processed: 128/4487 - Stock Code: 539196
2023-09-04 10:06:30,368 - INFO - Processed: 129/4487 - Stock Code: 500009
2023-09-04 10:06:30,441 - INFO - Processed: 129/4487 - Stock Code: 500009
2023-09-04 10:06:31,033 - INFO - Processed: 130/4487 - Stock Code: 532335
2023-09-04 10:06:31,110 - INFO - Processed: 130/4487 - Stock Code: 532335
2023-09-04 10:06:31,458 - INFO - Processed: 131/4487 - Stock Code: 531978
2023-09-04 10:06:31,556 - INFO - Processed: 131/4487 - Stock Code: 531978
2023-09-04 10:06:32,402 - INFO - Processed: 132/4487 - Stock Code: 539223
2023-09-04 10:06:32,980 - INFO - Processed: 132/4487 - Stock Code: 539223
2023-09-04 10:06:33,146 - INFO - Processed: 133/4487 - Stock Code: 526439
2023-09-04 10:06:33,253 - INFO - Processed: 133/4487 - Stock Code: 526439
2023-09-04 10:06:33,384 - INFO - Processed: 134/4487 - Stock Code: 500425
2023-09-04 10:06:33,491 - INFO - Processed: 134/4487 - Stock Code: 500425
2023-09-04 10:06:33,959 - INFO - Processed: 135/4487 - Stock Code: 530133
2023-09-04 10:06:34,155 - INFO - Processed: 135/4487 - Stock Code: 530133
2023-09-04 10:06:34,427 - INFO - Processed: 136/4487 - Stock Code: 532828
2023-09-04 10:06:34,452 - INFO - Processed: 136/4487 - Stock Code: 532828
2023-09-04 10:06:34,920 - INFO - Processed: 137/4487 - Stock Code: 513117
2023-09-04 10:06:35,076 - INFO - Processed: 137/4487 - Stock Code: 513117
2023-09-04 10:06:35,531 - INFO - Processed: 138/4487 - Stock Code: 506248
2023-09-04 10:06:35,597 - INFO - Processed: 138/4487 - Stock Code: 506248
2023-09-04 10:06:36,122 - INFO - Processed: 139/4487 - Stock Code: 531300
2023-09-04 10:06:36,196 - INFO - Processed: 139/4487 - Stock Code: 531300
2023-09-04 10:06:36,648 - WARNING - Stock 531557 is inactive.
2023-09-04 10:06:36,856 - WARNING - Stock 531557 is inactive.
2023-09-04 10:06:37,084 - WARNING - Stock 521076 is inactive.
2023-09-04 10:06:37,123 - WARNING - Stock 521076 is inactive.
INFO:werkzeug:[31m[1mWARNING: This is a development server. Do not use it in a production deployment. Use a production WSGI server instead.[0m
 * Running on http://127.0.0.1:8000
INFO:werkzeug:[33mPress CTRL+C to quit[0m
INFO:werkzeug: * Restarting with stat
2023-09-04 10:08:40,096 - INFO - Script started.
2023-09-04 10:08:42,504 - INFO - Processed: 1/4487 - Stock Code: 533022
2023-09-04 10:08:43,022 - INFO - Processed: 2/4487 - Stock Code: 532628
2023-09-04 10:08:43,574 - INFO - Processed: 3/4487 - Stock Code: 523395
2023-09-04 10:08:44,340 - WARNING - Stock 590116 is inactive.
2023-09-04 10:08:45,190 - INFO - Processed: 4/4487 - Stock Code: 512161
2023-09-04 10:08:45,901 - INFO - Processed: 5/4487 - Stock Code: 538351
2023-09-04 10:08:46,619 - INFO - Processed: 6/4487 - Stock Code: 539300
WARNING:werkzeug: * Debugger is active!
INFO:werkzeug: * Debugger PIN: 362-967-229
2023-09-04 10:08:47,577 - INFO - Processed: 7/4487 - Stock Code: 530499
INFO:werkzeug:127.0.0.1 - - [04/Sep/2023 10:08:47] "GET / HTTP/1.1" 200 -
2023-09-04 10:08:47,797 - INFO - Script started.
2023-09-04 10:08:48,232 - INFO - Processed: 8/4487 - Stock Code: 533292
2023-09-04 10:08:49,139 - INFO - Processed: 1/4487 - Stock Code: 533022
2023-09-04 10:08:49,252 - WARNING - Stock 531611 is inactive.
2023-09-04 10:08:49,386 - INFO - Processed: 2/4487 - Stock Code: 532628
2023-09-04 10:08:49,707 - INFO - Processed: 3/4487 - Stock Code: 523395
2023-09-04 10:08:50,030 - INFO - Processed: 9/4487 - Stock Code: 530027
2023-09-04 10:08:50,048 - WARNING - Stock 590116 is inactive.
2023-09-04 10:08:50,435 - INFO - Processed: 4/4487 - Stock Code: 512161
2023-09-04 10:08:50,847 - INFO - Processed: 5/4487 - Stock Code: 538351
2023-09-04 10:08:50,971 - WARNING - Stock 531866 is inactive.
INFO:werkzeug:127.0.0.1 - - [04/Sep/2023 10:08:51] "[33mGET /favicon.ico HTTP/1.1[0m" 404 -
2023-09-04 10:08:51,203 - INFO - Processed: 6/4487 - Stock Code: 539300
2023-09-04 10:08:51,461 - INFO - Processed: 7/4487 - Stock Code: 530499
2023-09-04 10:08:51,587 - INFO - Processed: 10/4487 - Stock Code: 539096
2023-09-04 10:08:51,718 - INFO - Processed: 8/4487 - Stock Code: 533292
2023-09-04 10:08:51,941 - WARNING - Stock 531611 is inactive.
2023-09-04 10:08:52,067 - INFO - Processed: 11/4487 - Stock Code: 538812
2023-09-04 10:08:52,122 - INFO - Processed: 9/4487 - Stock Code: 530027
INFO:werkzeug:127.0.0.1 - - [04/Sep/2023 10:08:52] "GET /analyze HTTP/1.1" 200 -
2023-09-04 10:08:52,323 - WARNING - Stock 531866 is inactive.
INFO:werkzeug:127.0.0.1 - - [04/Sep/2023 10:08:52] "GET /analyze/20%20Microns%20Ltd. HTTP/1.1" 200 -
2023-09-04 10:08:52,565 - INFO - Processed: 10/4487 - Stock Code: 539096
2023-09-04 10:08:52,798 - INFO - Processed: 11/4487 - Stock Code: 538812
2023-09-04 10:08:52,799 - INFO - Processed: 12/4487 - Stock Code: 524412
2023-09-04 10:08:53,015 - INFO - Processed: 12/4487 - Stock Code: 524412
2023-09-04 10:08:53,388 - INFO - Processed: 13/4487 - Stock Code: 524348
2023-09-04 10:08:53,402 - INFO - Processed: 13/4487 - Stock Code: 524348
2023-09-04 10:08:53,913 - INFO - Processed: 14/4487 - Stock Code: 524208
2023-09-04 10:08:54,192 - INFO - Processed: 14/4487 - Stock Code: 524208
2023-09-04 10:08:54,429 - INFO - Processed: 15/4487 - Stock Code: 514274
2023-09-04 10:08:54,454 - INFO - Processed: 15/4487 - Stock Code: 514274
2023-09-04 10:08:54,905 - WARNING - Stock 531731 is inactive.
2023-09-04 10:08:55,101 - WARNING - Stock 531731 is inactive.
2023-09-04 10:08:55,303 - INFO - Processed: 16/4487 - Stock Code: 519319
2023-09-04 10:08:55,342 - INFO - Processed: 16/4487 - Stock Code: 519319
2023-09-04 10:08:55,760 - CRITICAL - Script interrupted by the user.
2023-09-04 10:08:55,763 - INFO - Script ended.
2023-09-04 10:08:55,970 - CRITICAL - Script interrupted by the user.
2023-09-04 10:08:55,972 - INFO - Script ended.
